exceptions_connection_closed_FifteenMinuteRate
exceptions_connection_closed_FiveMinuteRate
exceptions_connection_closed_OneMinuteRate
exceptions_connection_closed_count
exceptions_no_http_response_FifteenMinuteRate
exceptions_no_http_response_FiveMinuteRate
exceptions_no_http_response_OneMinuteRate
exceptions_no_http_response_count
exceptions_socket_time_out_FifteenMinuteRate
exceptions_socket_time_out_FiveMinuteRate
exceptions_socket_time_out_OneMinuteRate
exceptions_socket_time_out_count
manta_monitor_put_request_latency_seconds_FileUploadGetDeleteChain_bucket{le="+Inf",}
manta_monitor_put_request_latency_seconds_FileUploadGetDeleteChain_bucket{le="0.005",}
manta_monitor_put_request_latency_seconds_FileUploadGetDeleteChain_bucket{le="0.01",}
manta_monitor_put_request_latency_seconds_FileUploadGetDeleteChain_bucket{le="0.025",}
manta_monitor_put_request_latency_seconds_FileUploadGetDeleteChain_bucket{le="0.05",}
manta_monitor_put_request_latency_seconds_FileUploadGetDeleteChain_bucket{le="0.075",}
manta_monitor_put_request_latency_seconds_FileUploadGetDeleteChain_bucket{le="0.1",}
manta_monitor_put_request_latency_seconds_FileUploadGetDeleteChain_bucket{le="0.25",}
manta_monitor_put_request_latency_seconds_FileUploadGetDeleteChain_bucket{le="0.5",}
manta_monitor_put_request_latency_seconds_FileUploadGetDeleteChain_bucket{le="0.75",}
manta_monitor_put_request_latency_seconds_FileUploadGetDeleteChain_bucket{le="1.0",}
manta_monitor_put_request_latency_seconds_FileUploadGetDeleteChain_bucket{le="10.0",}
manta_monitor_put_request_latency_seconds_FileUploadGetDeleteChain_bucket{le="2.5",}
manta_monitor_put_request_latency_seconds_FileUploadGetDeleteChain_bucket{le="5.0",}
manta_monitor_put_request_latency_seconds_FileUploadGetDeleteChain_bucket{le="7.5",}
manta_monitor_put_request_latency_seconds_FileUploadGetDeleteChain_count
manta_monitor_put_request_latency_seconds_FileUploadGetDeleteChain_sum
requests_delete_50thPercentile
requests_delete_75thPercentile
requests_delete_95thPercentile
requests_delete_99thPercentile
requests_delete_FifteenMinuteRate
requests_delete_FiveMinuteRate
requests_delete_OneMinuteRate
requests_delete_count
requests_delete_mean
requests_get_50thPercentile
requests_get_75thPercentile
requests_get_95thPercentile
requests_get_99thPercentile
requests_get_FifteenMinuteRate
requests_get_FiveMinuteRate
requests_get_OneMinuteRate
requests_get_count
requests_get_mean
requests_put_50thPercentile
requests_put_75thPercentile
requests_put_95thPercentile
requests_put_99thPercentile
requests_put_FifteenMinuteRate
requests_put_FiveMinuteRate
requests_put_OneMinuteRate
requests_put_count
requests_put_mean
retries_count
retries_mean_rate
